TN:
SF:src/services/GetAdressesService.ts
FN:18,GetAdressesService
FN:23,Object.<anonymous>.GetAdressesService.execute
FNF:2
FNH:2
FNDA:5,GetAdressesService
FNDA:5,Object.<anonymous>.GetAdressesService.execute
DA:1,1
DA:2,1
DA:3,1
DA:4,1
DA:5,1
DA:6,1
DA:7,1
DA:8,1
DA:9,1
DA:10,1
DA:11,1
DA:12,1
DA:13,1
DA:14,1
DA:15,1
DA:16,1
DA:17,1
DA:18,1
DA:19,5
DA:20,5
DA:21,5
DA:22,1
DA:23,1
DA:24,5
DA:25,5
DA:26,5
DA:27,5
DA:28,5
DA:29,5
DA:30,4
DA:31,4
DA:32,4
DA:33,5
DA:34,5
DA:35,5
DA:36,5
DA:37,3
DA:38,3
DA:39,5
DA:40,5
DA:41,5
DA:42,5
DA:43,1
DA:44,1
DA:45,1
LF:45
LH:45
BRDA:16,0,0,1
BRDA:18,1,0,5
BRDA:23,2,0,5
BRDA:26,3,0,0
BRDA:29,4,0,1
BRDA:30,5,0,4
BRDA:33,6,0,0
BRDA:35,7,0,3
BRDA:35,8,0,1
BRDA:36,9,0,1
BRDA:37,10,0,3
BRF:11
BRH:9
end_of_record
