TN:
SF:src/services/GetAdressesService.ts
FN:18,GetAdressesService
FN:23,Object.<anonymous>.GetAdressesService.execute
FNF:2
FNH:2
FNDA:2,GetAdressesService
FNDA:2,Object.<anonymous>.GetAdressesService.execute
DA:1,1
DA:2,1
DA:3,1
DA:4,1
DA:5,1
DA:6,1
DA:7,1
DA:8,1
DA:9,1
DA:10,1
DA:11,1
DA:12,1
DA:13,1
DA:14,1
DA:15,1
DA:16,1
DA:17,1
DA:18,1
DA:19,2
DA:20,2
DA:21,2
DA:22,1
DA:23,1
DA:24,2
DA:25,2
DA:26,2
DA:27,2
DA:28,2
DA:29,2
DA:30,2
DA:31,2
DA:32,2
DA:33,2
DA:34,2
DA:35,2
DA:36,2
DA:37,2
DA:38,1
DA:39,1
DA:40,1
LF:40
LH:40
BRDA:16,0,0,1
BRDA:18,1,0,2
BRDA:23,2,0,2
BRF:3
BRH:3
end_of_record
